  [A_k1_q10 0/15000] rec=0.5482 (1s)
  [A_k1_q10 4000/15000] rec=0.2325 (23s)
  [A_k1_q10 8000/15000] rec=0.2325 (47s)
  [A_k1_q10 12000/15000] rec=0.2324 (72s)
[A_k1_q10] 192 runs done
  [A_k1_q20 0/15000] rec=0.8601 (0s)
  [A_k1_q20 4000/15000] rec=0.3758 (24s)
  [A_k1_q20 8000/15000] rec=0.3746 (47s)
  [A_k1_q20 12000/15000] rec=0.3742 (71s)
[A_k1_q20] 192 runs done
  [A_k2_q10 0/15000] rec=0.5505 (0s)
  [A_k2_q10 4000/15000] rec=0.2042 (26s)
  [A_k2_q10 8000/15000] rec=0.2038 (54s)
  [A_k2_q10 12000/15000] rec=0.2037 (81s)
[A_k2_q10] 192 runs done
  [A_k2_q20 0/15000] rec=0.8625 (0s)
  [A_k2_q20 4000/15000] rec=0.3244 (26s)
  [A_k2_q20 8000/15000] rec=0.3232 (52s)
  [A_k2_q20 12000/15000] rec=0.3224 (79s)
[A_k2_q20] 192 runs done
  [B_k1 0/15000] rec=0.8333 (0s)
  [B_k1 4000/15000] rec=0.0930 (15s)
  [B_k1 8000/15000] rec=0.0933 (31s)
  [B_k1 12000/15000] rec=0.0933 (47s)
[B_k1] 96 runs done
  [C_l1 0/15000] rec=0.9272 (0s)
  [C_l1 4000/15000] rec=0.0130 (10s)
  [C_l1 8000/15000] rec=0.0152 (21s)
  [C_l1 12000/15000] rec=0.0172 (31s)
[C_l1] 96 runs done
wrote r10_runs.csv (960 rows) total 483s
