device=cuda threads=8 smoke=False
  [E2 d=64 m=32 0/15000] rec=3.4894 (0s)
  [E2 d=64 m=32 2000/15000] rec=0.5911 (5s)
  [E2 d=64 m=32 4000/15000] rec=0.5953 (9s)
  [E2 d=64 m=32 6000/15000] rec=0.5998 (13s)
  [E2 d=64 m=32 8000/15000] rec=0.6012 (18s)
  [E2 d=64 m=32 10000/15000] rec=0.6033 (22s)
  [E2 d=64 m=32 12000/15000] rec=0.6037 (26s)
  [E2 d=64 m=32 14000/15000] rec=0.6028 (30s)
[E2 d=64 m=32] done
  [E2 d=128 m=64 0/15000] rec=7.0340 (0s)
  [E2 d=128 m=64 2000/15000] rec=1.1715 (6s)
  [E2 d=128 m=64 4000/15000] rec=1.1803 (12s)
  [E2 d=128 m=64 6000/15000] rec=1.1852 (18s)
  [E2 d=128 m=64 8000/15000] rec=1.1893 (24s)
  [E2 d=128 m=64 10000/15000] rec=1.1908 (30s)
  [E2 d=128 m=64 12000/15000] rec=1.1897 (36s)
  [E2 d=128 m=64 14000/15000] rec=1.1918 (42s)
[E2 d=128 m=64] done
  [E2 d=256 m=128 0/15000] rec=14.0270 (0s)
  [E2 d=256 m=128 2000/15000] rec=2.3239 (19s)
  [E2 d=256 m=128 4000/15000] rec=2.3371 (37s)
  [E2 d=256 m=128 6000/15000] rec=2.3433 (56s)
  [E2 d=256 m=128 8000/15000] rec=2.3427 (75s)
  [E2 d=256 m=128 10000/15000] rec=2.3463 (93s)
  [E2 d=256 m=128 12000/15000] rec=2.3485 (112s)
  [E2 d=256 m=128 14000/15000] rec=2.3497 (131s)
[E2 d=256 m=128] done
  [E2 d=512 m=256 0/15000] rec=27.9482 (0s)
  [E2 d=512 m=256 2000/15000] rec=4.9847 (43s)
  [E2 d=512 m=256 4000/15000] rec=4.9175 (87s)
  [E2 d=512 m=256 6000/15000] rec=4.8491 (130s)
  [E2 d=512 m=256 8000/15000] rec=4.7749 (173s)
  [E2 d=512 m=256 10000/15000] rec=4.7647 (217s)
  [E2 d=512 m=256 12000/15000] rec=4.7473 (260s)
  [E2 d=512 m=256 14000/15000] rec=4.7374 (304s)
[E2 d=512 m=256] done
  [E3 0/15000] rec=3.7644 (0s)
  [E3 2000/15000] rec=0.5954 (4s)
  [E3 4000/15000] rec=0.5999 (9s)
  [E3 6000/15000] rec=0.6056 (13s)
  [E3 8000/15000] rec=0.6076 (17s)
  [E3 10000/15000] rec=0.6097 (21s)
  [E3 12000/15000] rec=0.6104 (25s)
  [E3 14000/15000] rec=0.6099 (30s)
  [E3topk 0/15000] rec=3.6268 (0s)
  [E3topk 2000/15000] rec=0.8078 (5s)
  [E3topk 4000/15000] rec=0.7909 (9s)
  [E3topk 6000/15000] rec=0.7742 (14s)
  [E3topk 8000/15000] rec=0.7691 (18s)
  [E3topk 10000/15000] rec=0.7548 (23s)
  [E3topk 12000/15000] rec=0.7569 (28s)
  [E3topk 14000/15000] rec=0.7605 (32s)
wrote /home/reuellee_gmail_com/sae_identifiability/experiments/../results/round8/r8syn_runs.csv (128 rows) total 625s
