[m=128 s8] rho_d=0.47934 m_rho_d=0.50251 dJ=0.00013 dS=0.0027 hB=0.34194 ties=0
[m=128 s9] rho_d=0.4905 m_rho_d=0.50289 dJ=0.0 dS=0.00237 hB=0.39461 ties=0
[m=128 s10] rho_d=0.48588 m_rho_d=0.50097 dJ=4e-05 dS=0.00337 hB=0.38194 ties=0
[m=128 s11] rho_d=0.49605 m_rho_d=0.50108 dJ=8e-05 dS=0.00372 hB=0.46779 ties=0
[m=128 s12] rho_d=0.4866 m_rho_d=0.49903 dJ=4e-05 dS=0.00241 hB=0.38382 ties=0
[m=128 s13] rho_d=0.47817 m_rho_d=0.50172 dJ=0.0 dS=0.00245 hB=0.31816 ties=0
[m=128 s14] rho_d=0.48379 m_rho_d=0.49977 dJ=0.0 dS=0.00394 hB=0.38129 ties=0
[m=128 s15] rho_d=0.49751 m_rho_d=0.49975 dJ=4e-05 dS=0.00282 hB=0.48301 ties=0
[m=128 s16] rho_d=0.47689 m_rho_d=0.49976 dJ=0.0 dS=0.00283 hB=0.32073 ties=0
[m=128 s17] rho_d=0.48265 m_rho_d=0.5025 dJ=4e-05 dS=0.00213 hB=0.34507 ties=0
[m=128 s18] rho_d=0.48715 m_rho_d=0.50094 dJ=4e-05 dS=0.00389 hB=0.39389 ties=0
[m=128 s19] rho_d=0.48702 m_rho_d=0.50088 dJ=4e-05 dS=0.00267 hB=0.39905 ties=0
[m=128 s20] rho_d=0.48394 m_rho_d=0.5042 dJ=0.0 dS=0.00403 hB=0.34734 ties=0
[m=128 s21] rho_d=0.4862 m_rho_d=0.50022 dJ=4e-05 dS=0.00369 hB=0.38868 ties=0
[m=128 s22] rho_d=0.4862 m_rho_d=0.49763 dJ=0.0 dS=0.00235 hB=0.39802 ties=0
[m=128 s23] rho_d=0.49387 m_rho_d=0.50088 dJ=8e-05 dS=0.00409 hB=0.44505 ties=0
[m=128 s24] rho_d=0.48687 m_rho_d=0.50094 dJ=0.0 dS=0.00247 hB=0.37431 ties=0
[m=128 s25] rho_d=0.48094 m_rho_d=0.49982 dJ=4e-05 dS=0.00384 hB=0.35206 ties=0
[m=128 s26] rho_d=0.48291 m_rho_d=0.50265 dJ=0.0 dS=0.00391 hB=0.34705 ties=0
[m=128 s27] rho_d=0.48578 m_rho_d=0.50129 dJ=0.0 dS=0.00296 hB=0.38072 ties=0
[m=128 s28] rho_d=0.48746 m_rho_d=0.50038 dJ=4e-05 dS=0.00383 hB=0.40331 ties=0
[m=128 s29] rho_d=0.49904 m_rho_d=0.50148 dJ=0.0 dS=0.00344 hB=0.48217 ties=0
[m=128 s30] rho_d=0.47875 m_rho_d=0.49847 dJ=4e-05 dS=0.00295 hB=0.34113 ties=0
[m=128 s31] rho_d=0.49329 m_rho_d=0.50112 dJ=8e-05 dS=0.004 hB=0.44406 ties=0
[m=256 s8] rho_d=0.48687 m_rho_d=0.50222 dJ=0.0 dS=0.00177 hB=0.33304 ties=0
[m=256 s9] rho_d=0.48873 m_rho_d=0.50247 dJ=0.0 dS=0.00113 hB=0.30244 ties=0
[m=256 s10] rho_d=0.48965 m_rho_d=0.5024 dJ=0.0 dS=0.0016 hB=0.33954 ties=0
[m=256 s11] rho_d=0.48883 m_rho_d=0.50054 dJ=5e-05 dS=0.00213 hB=0.37666 ties=0
[m=256 s12] rho_d=0.48229 m_rho_d=0.49873 dJ=5e-05 dS=0.0016 hB=0.24303 ties=0
[m=256 s13] rho_d=0.48266 m_rho_d=0.50161 dJ=0.0 dS=0.00136 hB=0.26358 ties=0
[m=256 s14] rho_d=0.4826 m_rho_d=0.49915 dJ=0.0 dS=0.00214 hB=0.29983 ties=0
[m=256 s15] rho_d=0.48787 m_rho_d=0.49933 dJ=0.0 dS=0.00155 hB=0.36162 ties=0
[m=256 s16] rho_d=0.48041 m_rho_d=0.49947 dJ=0.0 dS=0.00148 hB=0.25911 ties=0
[m=256 s17] rho_d=0.48553 m_rho_d=0.50235 dJ=0.0 dS=0.00173 hB=0.29918 ties=0
[m=256 s18] rho_d=0.48345 m_rho_d=0.50023 dJ=0.0 dS=0.00182 hB=0.28605 ties=0
[m=256 s19] rho_d=0.48138 m_rho_d=0.50034 dJ=0.0 dS=0.00101 hB=0.27719 ties=0
[m=256 s20] rho_d=0.48819 m_rho_d=0.50452 dJ=0.0 dS=0.00234 hB=0.28894 ties=0
[m=256 s21] rho_d=0.48756 m_rho_d=0.50012 dJ=0.0 dS=0.00198 hB=0.34165 ties=0
[m=256 s22] rho_d=0.48195 m_rho_d=0.4972 dJ=0.0 dS=0.00096 hB=0.29291 ties=0
[m=256 s23] rho_d=0.49245 m_rho_d=0.50059 dJ=0.0 dS=0.00211 hB=0.38913 ties=0
[m=256 s24] rho_d=0.48601 m_rho_d=0.50062 dJ=0.0 dS=0.00144 hB=0.31869 ties=0
[m=256 s25] rho_d=0.48478 m_rho_d=0.5003 dJ=5e-05 dS=0.0026 hB=0.3048 ties=0
[m=256 s26] rho_d=0.48319 m_rho_d=0.50197 dJ=0.0 dS=0.00216 hB=0.2713 ties=0
[m=256 s27] rho_d=0.48727 m_rho_d=0.50093 dJ=0.0 dS=0.00189 hB=0.32891 ties=0
[m=256 s28] rho_d=0.48937 m_rho_d=0.49961 dJ=5e-05 dS=0.00139 hB=0.37558 ties=0
[m=256 s29] rho_d=0.49277 m_rho_d=0.50177 dJ=0.0 dS=0.00191 hB=0.38445 ties=0
[m=256 s30] rho_d=0.48264 m_rho_d=0.49797 dJ=5e-05 dS=0.00146 hB=0.30584 ties=0
[m=256 s31] rho_d=0.49079 m_rho_d=0.5012 dJ=5e-05 dS=0.00158 hB=0.38458 ties=0
wrote /home/reuellee_gmail_com/sae-identifiability/analysis/../results/round9/d1_e1_recompute.csv (48 rows)

== m=128 (n=24, true rho=0.5) ==
  rho_count: 0.7541 +/- 0.0084
  rho_c: 0.7556 +/- 0.0103
  rho_x: 0.4816 +/- 0.0173
  rho_d: 0.4865 +/- 0.0060
  m_rho_d: 0.5009 +/- 0.0015
  delta_J: 0.0000 +/- 0.0000
  delta_S: 0.0032 +/- 0.0007
  pi_B: 0.4745 +/- 0.0618
  h_B: 0.3881 +/- 0.0474
  q11_B: 0.0010 +/- 0.0004
  b_p: 0.0603 +/- 0.0062
  b_c: 0.0386 +/- 0.0067
  ties: 0.0000 +/- 0.0000
  rho_real: 0.4996 +/- 0.0016

== m=256 (n=24, true rho=0.5) ==
  rho_count: 0.7461 +/- 0.0090
  rho_c: 0.7475 +/- 0.0097
  rho_x: 0.4886 +/- 0.0135
  rho_d: 0.4861 +/- 0.0036
  m_rho_d: 0.5007 +/- 0.0016
  delta_J: 0.0000 +/- 0.0000
  delta_S: 0.0017 +/- 0.0004
  pi_B: 0.4674 +/- 0.1060
  h_B: 0.3178 +/- 0.0435
  q11_B: 0.0002 +/- 0.0001
  b_p: 0.0396 +/- 0.0034
  b_c: 0.0186 +/- 0.0035
  ties: 0.0000 +/- 0.0000
  rho_real: 0.4996 +/- 0.0016
